	Command being timed: "/projects/bgmp/wrosales/bioinfo/Bi622/Demultiplex/Assignment-the-third/demux.py -r1 /projects/bgmp/shared/2017_sequencing/1294_S1_L008_R1_001.fastq.gz -r2 /projects/bgmp/shared/2017_sequencing/1294_S1_L008_R4_001.fastq.gz -i1 /projects/bgmp/shared/2017_sequencing/1294_S1_L008_R2_001.fastq.gz -i2 /projects/bgmp/shared/2017_sequencing/1294_S1_L008_R3_001.fastq.gz -bc /projects/bgmp/shared/2017_sequencing/indexes.txt -o /projects/bgmp/wrosales/bioinfo/Bi622/Demultiplex/Assignment-the-third/demux_out/"
	User time (seconds): 16705.70
	System time (seconds): 68.35
	Percent of CPU this job got: 98%
	Elapsed (wall clock) time (h:mm:ss or m:ss): 4:45:05
	Average shared text size (kbytes): 0
	Average unshared data size (kbytes): 0
	Average stack size (kbytes): 0
	Average total size (kbytes): 0
	Maximum resident set size (kbytes): 135536
	Average resident set size (kbytes): 0
	Major (requiring I/O) page faults: 0
	Minor (reclaiming a frame) page faults: 204846
	Voluntary context switches: 106861
	Involuntary context switches: 10482
	Swaps: 0
	File system inputs: 0
	File system outputs: 0
	Socket messages sent: 0
	Socket messages received: 0
	Signals delivered: 0
	Page size (bytes): 4096
	Exit status: 0
